<?xml version="1.0" encoding="UTF-8"?>
<!-- Generated by org.testng.reporters.JUnitXMLReporter -->
<testsuite hostname="SunitaVedAnn" ignored="0" name="Default test" tests="7" failures="0" timestamp="20 Aug 2022 12:49:23 GMT" time="277.41" errors="0">
  <testcase name="customisedStatement" time="19.024" classname="com.demoguru99bank.test.TC_07VerifyCustomisedStatementTest"/>
  <testcase name="deposit" time="35.094" classname="com.demoguru99bank.test.TC_05VerfiyDepositTest"/>
  <testcase name="VerifyNewCustomer" time="23.004" classname="com.demoguru99bank.test.TC_02VerifyAddNewCustomerTest"/>
  <testcase name="fundTransfer" time="27.649" classname="com.demoguru99bank.test.TC_06VerifyFundTransferTest"/>
  <testcase name="login" time="6.51" classname="com.demoguru99bank.test.TC_01LoginTest"/>
  <testcase name="newaccount" time="13.655" classname="com.demoguru99bank.test.TC_04VerifyNewAccountTest"/>
  <testcase name="editCustomer" time="10.083" classname="com.demoguru99bank.test.TC_03VerifyEditCustomeTest"/>
</testsuite> <!-- Default test -->
